<?xml version="1.0" encoding="utf-8" standalone="no"?>
<!--This file represents the results of running a test suite-->
<test-results name="C:\Develop\CSharp\PGLearning\201507\TestRunner\bin\Debug\TestRunner.dll" total="1" errors="1" failures="0" not-run="0" inconclusive="0" ignored="0" skipped="0" invalid="0" date="2015-07-26" time="13:59:21">
  <environment nunit-version="2.6.4.14350" clr-version="2.0.50727.8009" os-version="Microsoft Windows NT 6.2.9200.0" platform="Win32NT" cwd="C:\Program Files\NUnit 2.6.4\bin" machine-name="MICHAEL" user="nara__000" user-domain="MICHAEL" />
  <culture-info current-culture="ja-JP" current-uiculture="ja-JP" />
  <test-suite type="Assembly" name="C:\Develop\CSharp\PGLearning\201507\TestRunner\bin\Debug\TestRunner.dll" executed="True" result="Failure" success="False" time="0.141" asserts="0">
    <results>
      <test-suite type="Namespace" name="TestRunner" executed="True" result="Failure" success="False" time="0.131" asserts="0">
        <results>
          <test-suite type="TestFixture" name="Class1" executed="True" result="Failure" success="False" time="0.130" asserts="0">
            <results>
              <test-case name="TestRunner.Class1.設定確認用" executed="True" result="Error" success="False" time="0.122" asserts="0">
                <failure>
                  <message><![CDATA[System.NullReferenceException : オブジェクト参照がオブジェクト インスタンスに設定されていません。]]></message>
                  <stack-trace><![CDATA[場所 PGLearning201507.CSV01.CSVReader.Read(String fileName) 場所 c:\Develop\CSharp\PGLearning\201507\CSV01\CSVReader.cs:行 40
場所 TestRunner.Class1.設定確認用() 場所 c:\Develop\CSharp\PGLearning\201507\TestRunner\Class1.cs:行 22
]]></stack-trace>
                </failure>
              </test-case>
            </results>
          </test-suite>
        </results>
      </test-suite>
    </results>
  </test-suite>
</test-results>